<?xml version="1.0" encoding="UTF-8"?>
<!-- Generated by org.testng.reporters.JUnitReportReporter -->
<testsuite hostname="TNG-1" failures="0" tests="1" name="Test.Testing" time="0.023" errors="0" timestamp="2025-07-04T20:09:12 IST" skipped="0">
  <testcase classname="Test.Testing" name="test" time="0.023"/>
</testsuite> <!-- Test.Testing -->
