<?xml version="1.0" encoding="UTF-8"?>
<!-- Generated by org.testng.reporters.JUnitReportReporter -->
<testsuite hostname="TNG-1" failures="0" tests="3" name="LoginTest_TestNG.loginTest" time="6.874" errors="0" timestamp="2025-07-08T20:48:56 IST" skipped="0">
  <testcase classname="LoginTest_TestNG.loginTest" name="Test_Dropdown" time="1.611"/>
  <testcase classname="LoginTest_TestNG.loginTest" name="Test_Alert" time="1.574"/>
  <testcase classname="LoginTest_TestNG.loginTest" name="Test_WebTable" time="3.689"/>
</testsuite> <!-- LoginTest_TestNG.loginTest -->
