<?xml version="1.0" encoding="UTF-8"?>
<!-- Generated by org.testng.reporters.JUnitReportReporter -->
<testsuite hostname="TNG-1" failures="0" tests="6" name="Test_with_TestNG.LoginTest" time="0.035" errors="0" timestamp="2025-07-10T20:43:23 IST" skipped="0">
  <testcase classname="Test_with_TestNG.LoginTest" name="test3" time="0.002"/>
  <testcase classname="Test_with_TestNG.LoginTest" name="test2" time="0.017"/>
  <testcase classname="Test_with_TestNG.LoginTest" name="test3" time="0.008"/>
  <testcase classname="Test_with_TestNG.LoginTest" name="test3" time="0.004"/>
  <testcase classname="Test_with_TestNG.LoginTest" name="test2" time="0.003"/>
  <testcase classname="Test_with_TestNG.LoginTest" name="test2" time="0.001"/>
</testsuite> <!-- Test_with_TestNG.LoginTest -->
