<?xml version="1.0" encoding="UTF-8"?>
<!-- Generated by org.testng.reporters.JUnitReportReporter -->
<testsuite hostname="TNG-1" failures="0" tests="1" name="ActionClass.Dummy" time="0.002" errors="0" timestamp="2025-07-08T20:48:56 IST" skipped="0">
  <testcase classname="ActionClass.Dummy" name="Dummy" time="0.002"/>
</testsuite> <!-- ActionClass.Dummy -->
